/*C13*/SET SCHEMA PUBLIC
drop table if exists equipment CASCADE 
drop table if exists manufacturer CASCADE 
drop table if exists user CASCADE 
create table equipment (id integer generated by default as identity (start with 1), available boolean, creation_date timestamp, model varchar(255), name varchar(255), update_date timestamp, year integer not null, manufacturer_id integer, primary key (id))
create table manufacturer (id integer generated by default as identity (start with 1), name varchar(255), primary key (id))
create table user (id integer generated by default as identity (start with 1), email varchar(255), password varchar(255), username varchar(20), primary key (id))
alter table user add constraint UKsb8bbouer5wak8vyiiy4pf2bx unique (username)
alter table user add constraint UKob8kqyqqgmefl0aco34akdtpe unique (email)
alter table equipment add constraint FKp9pllcf6kbc9k1g5ngxin3myn foreign key (manufacturer_id) references manufacturer
drop table if exists equipment CASCADE 
drop table if exists manufacturer CASCADE 
drop table if exists user CASCADE 
DISCONNECT
/*C14*/SET SCHEMA PUBLIC
DISCONNECT
/*C15*/SET SCHEMA PUBLIC
DISCONNECT
/*C16*/SET SCHEMA PUBLIC
DISCONNECT
/*C17*/SET SCHEMA PUBLIC
DISCONNECT
/*C18*/SET SCHEMA PUBLIC
DISCONNECT
/*C19*/SET SCHEMA PUBLIC
DISCONNECT
/*C20*/SET SCHEMA PUBLIC
DISCONNECT
/*C21*/SET SCHEMA PUBLIC
DISCONNECT
/*C22*/SET SCHEMA PUBLIC
DISCONNECT
