/*C1*/SET SCHEMA SYSTEM_LOBS
INSERT INTO BLOCKS VALUES(0,2147483647,0)
COMMIT
/*C2*/SET SCHEMA PUBLIC
drop table if exists role CASCADE 
drop table if exists user CASCADE 
drop table if exists user_roles CASCADE 
create table role (id integer generated by default as identity (start with 1), name varchar(200), primary key (id))
create table user (id integer generated by default as identity (start with 1), email varchar(255), password varchar(255), username varchar(20), primary key (id))
create table user_roles (user_id integer not null, role_id integer not null, primary key (user_id, role_id))
alter table user add constraint UKsb8bbouer5wak8vyiiy4pf2bx unique (username)
alter table user add constraint UKob8kqyqqgmefl0aco34akdtpe unique (email)
alter table user_roles add constraint FKrhfovtciq1l558cw6udg0h0d3 foreign key (role_id) references role
alter table user_roles add constraint FK55itppkw3i07do3h7qoclqd4k foreign key (user_id) references user
drop table if exists role CASCADE 
drop table if exists user CASCADE 
drop table if exists user_roles CASCADE 
DISCONNECT
/*C3*/SET SCHEMA PUBLIC
DISCONNECT
/*C4*/SET SCHEMA PUBLIC
DISCONNECT
/*C5*/SET SCHEMA PUBLIC
DISCONNECT
/*C6*/SET SCHEMA PUBLIC
DISCONNECT
/*C7*/SET SCHEMA PUBLIC
DISCONNECT
/*C8*/SET SCHEMA PUBLIC
DISCONNECT
/*C9*/SET SCHEMA PUBLIC
DISCONNECT
/*C10*/SET SCHEMA PUBLIC
DISCONNECT
/*C11*/SET SCHEMA PUBLIC
DISCONNECT
